<?xml version="1.0" encoding="UTF-8" ?>
<testsuite errors="1" failures="0" hostname="kgb-70bcd413950" name="com.eastbanctech.gtest.TranslationTests" tests="1" time="1.172" timestamp="2009-12-21T21:32:03">
  <properties />
  <testcase classname="com.eastbanctech.gtest.TranslationTests" name="testSomething" time="1.172">
    <error message="No signature of method: static com.eastbanctech.gtest.Article.findById() is applicable for argument types: (java.lang.Integer) values: [1]" type="groovy.lang.MissingMethodException">groovy.lang.MissingMethodException: No signature of method: static com.eastbanctech.gtest.Article.findById() is applicable for argument types: (java.lang.Integer) values: [1]
	at com.eastbanctech.gtest.TranslationTests.testSomething(TranslationTests.groovy:15)
	at _GrailsTest_groovy$_run_closure4.doCall(_GrailsTest_groovy:203)
	at _GrailsTest_groovy$_run_closure4.call(_GrailsTest_groovy)
	at _GrailsTest_groovy$_run_closure2.doCall(_GrailsTest_groovy:147)
	at _GrailsTest_groovy$_run_closure1_closure19.doCall(_GrailsTest_groovy:113)
	at _GrailsTest_groovy$_run_closure1.doCall(_GrailsTest_groovy:96)
	at TestApp$_run_closure1.doCall(TestApp.groovy:66)
	at gant.Gant$_dispatch_closure4.doCall(Gant.groovy:324)
	at gant.Gant$_dispatch_closure6.doCall(Gant.groovy:334)
	at gant.Gant$_dispatch_closure6.doCall(Gant.groovy)
	at gant.Gant.withBuildListeners(Gant.groovy:344)
	at gant.Gant.this$2$withBuildListeners(Gant.groovy)
	at gant.Gant$this$2$withBuildListeners.callCurrent(Unknown Source)
	at gant.Gant.dispatch(Gant.groovy:334)
	at gant.Gant.this$2$dispatch(Gant.groovy)
	at gant.Gant.invokeMethod(Gant.groovy)
	at gant.Gant.processTargets(Gant.groovy:495)
	at gant.Gant.processTargets(Gant.groovy:480)
</error>
  </testcase>
  <system-out><![CDATA[--Output from testSomething--
]]></system-out>
  <system-err><![CDATA[--Output from testSomething--
]]></system-err>
</testsuite>
